Case #1:
***.c
*....
.....
.....
Case #2:
****
*...
..c.
....
....
Case #3:
****
....
c...
Case #4:
*
*
.
c
.
Case #5:
Impossible
Case #6:
**.c.
**...
Case #7:
Impossible
Case #8:
***c
Case #9:
***
*..
*.c
...
...
Case #10:
Impossible
Case #11:
***
...
c..
Case #12:
**.c
**..
Case #13:
Impossible
Case #14:
Impossible
Case #15:
Impossible
Case #16:
*****
.....
c....
.....
.....
Case #17:
Impossible
Case #18:
***
***
***
...
c..
Case #19:
Impossible
Case #20:
*****
.....
c....
Case #21:
Impossible
Case #22:
Impossible
Case #23:
****
****
****
***c
Case #24:
*.c..
.....
.....
.....
Case #25:
***
***
***
**c
Case #26:
*****
*....
..c..
.....
Case #27:
Impossible
Case #28:
**
**
**
..
c.
Case #29:
***
...
c..
...
Case #30:
*.c
Case #31:
**.c
....
....
Case #32:
Impossible
Case #33:
Impossible
Case #34:
*****
*****
***..
....c
.....
Case #35:
*****
***..
***.c
Case #36:
Impossible
Case #37:
*****
*****
*****
.....
c....
Case #38:
Impossible
Case #39:
**.c
*...
....
....
Case #40:
Impossible
Case #41:
***
***
***
*..
*.c
Case #42:
*****
****c
Case #43:
**c
Case #44:
*
*
*
.
c
Case #45:
Impossible
Case #46:
*.c.
....
....
Case #47:
*****
*****
*....
*.c..
Case #48:
**.c.
*....
*....
Case #49:
*****
**...
*..c.
*....
Case #50:
Impossible
Case #51:
***
...
c..
...
...
Case #52:
*.c.
Case #53:
*
.
c
.
Case #54:
*****
*****
**...
...c.
.....
Case #55:
Impossible
Case #56:
Impossible
Case #57:
Impossible
Case #58:
*****
*****
***..
***.c
Case #59:
Impossible
Case #60:
*****
*....
*.c..
Case #61:
*.c
*..
Case #62:
Impossible
Case #63:
Impossible
Case #64:
****
....
c...
....
Case #65:
Impossible
Case #66:
*.c.
....
....
....
....
Case #67:
**
**
*c
Case #68:
Impossible
Case #69:
*****
*****
****c
Case #70:
***
**c
Case #71:
****
***c
Case #72:
Impossible
Case #73:
Impossible
Case #74:
*c
Case #75:
***
***
**c
Case #76:
Impossible
Case #77:
Impossible
Case #78:
**
**
..
c.
..
Case #79:
*
c
Case #80:
Impossible
Case #81:
*
.
c
Case #82:
Impossible
Case #83:
Impossible
Case #84:
*****
*****
**...
**.c.
**...
Case #85:
Impossible
Case #86:
*****
*****
*****
***..
***.c
Case #87:
Impossible
Case #88:
*.c..
.....
.....
.....
.....
Case #89:
Impossible
Case #90:
**.c.
**...
**...
Case #91:
*
*
*
c
Case #92:
Impossible
Case #93:
***
***
***
***
**c
Case #94:
**
**
**
**
*c
Case #95:
**
**
**
*c
Case #96:
Impossible
Case #97:
***.c
.....
.....
.....
Case #98:
*****
*****
**...
**.c.
Case #99:
****
**..
...c
....
....
Case #100:
Impossible
Case #101:
****
**..
...c
....
Case #102:
*****
**...
**.c.
Case #103:
*.c
...
...
Case #104:
**
..
c.
..
..
Case #105:
*****
*****
*****
****c
Case #106:
*****
***..
....c
.....
.....
Case #107:
*****
***..
....c
.....
Case #108:
****
****
****
****
***c
Case #109:
*.c.
....
....
....
Case #110:
*.c..
Case #111:
Impossible
Case #112:
Impossible
Case #113:
Impossible
Case #114:
**.c.
.....
.....
.....
.....
Case #115:
***
***
*..
*.c
Case #116:
*****
*****
*****
*....
*.c..
Case #117:
Impossible
Case #118:
Impossible
Case #119:
**.c
Case #120:
*****
*****
*****
*****
****c
Case #121:
*****
*****
.....
c....
Case #122:
*
*
*
*
c
Case #123:
****
*...
*.c.
*...
Case #124:
Impossible
Case #125:
*****
**...
**.c.
**...
Case #126:
****
****
****
....
c...
Case #127:
*.c..
*....
Case #128:
**.c.
Case #129:
*.c.
*...
*...
Case #130:
****
****
***c
Case #131:
Impossible
Case #132:
*.c..
.....
.....
Case #133:
*****
*....
..c..
.....
.....
Case #134:
Impossible
Case #135:
Impossible
Case #136:
Impossible
Case #137:
***
*..
*.c
Case #138:
Impossible
Case #139:
Impossible
Case #140:
Impossible
Case #141:
*
.
c
.
.
Case #142:
Impossible
Case #143:
***.c
.....
.....
Case #144:
*.c
...
...
...
Case #145:
****
*...
..c.
....
Case #146:
Impossible
Case #147:
**.c
....
....
....
Case #148:
Impossible
Case #149:
*****
*****
.....
c....
.....
Case #150:
*
*
.
c
Case #151:
*.c
*..
...
...
Case #152:
**
*c
Case #153:
***.c
Case #154:
*
*
c
Case #155:
****
*...
*.c.
Case #156:
**
**
..
c.
Case #157:
Impossible
Case #158:
Impossible
Case #159:
****
****
****
*...
*.c.
Case #160:
***
*..
..c
...
Case #161:
***
***
...
c..
Case #162:
Impossible
Case #163:
****c
Case #164:
***
***
...
c..
...
Case #165:
**
..
c.
Case #166:
****
....
c...
....
....
Case #167:
Impossible
Case #168:
Impossible
Case #169:
**.c
*...
....
....
....
Case #170:
**
..
c.
..
Case #171:
Impossible
Case #172:
Impossible
Case #173:
****
**..
**.c
Case #174:
***.c
.....
.....
.....
.....
Case #175:
*****
**...
...c.
.....
Case #176:
**.c.
.....
.....
.....
Case #177:
Impossible
Case #178:
*.c
*..
...
...
...
Case #179:
***.c
*....
.....
.....
.....
Case #180:
Impossible
Case #181:
****
****
**..
...c
....
Case #182:
*****
**...
...c.
.....
.....
Case #183:
Impossible
Case #184:
Impossible
Case #185:
*****
***..
*...c
.....
.....
Case #186:
**.c
....
....
....
....
Case #187:
*.c
...
...
...
...
Case #188:
****
****
*...
*.c.
*...
Case #189:
Impossible
Case #190:
Impossible
Case #191:
***
*..
..c
...
...
Case #192:
Impossible
Case #193:
Impossible
Case #194:
***
***
*..
..c
...
Case #195:
Impossible
Case #196:
****
****
*...
*.c.
Case #197:
*****
*****
*....
..c..
.....
Case #198:
Impossible
Case #199:
****
****
....
c...
Case #200:
****
**..
*..c
....
....
Case #201:
Impossible
Case #202:
Impossible
Case #203:
*.c.
*...
Case #204:
***.c
***..
Case #205:
**.c.
.....
.....
Case #206:
****
****
....
c...
....
Case #207:
Impossible
Case #208:
Impossible
Case #209:
Impossible
Case #210:
Impossible
Case #211:
****
****
****
**..
**.c
Case #212:
Impossible
Case #213:
Impossible
Case #214:
Impossible
Case #215:
Impossible
Case #216:
*****
*****
*****
**...
**.c.
Case #217:
Impossible
Case #218:
****
****
*...
..c.
....
Case #219:
Impossible
Case #220:
Impossible
Case #221:
*****
.....
c....
.....
Case #222:
Impossible
Case #223:
*****
*****
**...
*..c.
*....
Case #224:
****
****
**..
**.c
Case #225:
Impossible