Case #1:
**
**
..
c.
..
Case #2:
***
***
**c
Case #3:
Impossible
Case #4:
c....
.....
.....
Case #5:
Impossible
Case #6:
c.
..
..
..
Case #7:
c....
.....
.....
.....
Case #8:
*****
*....
..c..
.....
Case #9:
****
****
****
*...
*.c.
Case #10:
***.c
*....
.....
.....
Case #11:
*
c
Case #12:
**.c.
**...
**...
Case #13:
*****
**...
...c.
.....
Case #14:
***
***
***
...
c..
Case #15:
Impossible
Case #16:
**
*c
Case #17:
c..
...
...
...
...
Case #18:
*****
*****
*****
.....
c....
Case #19:
***
...
c..
...
...
Case #20:
Impossible
Case #21:
****
*...
*.c.
Case #22:
*****
***..
***.c
Case #23:
***.c
.....
.....
.....
.....
Case #24:
Impossible
Case #25:
Impossible
Case #26:
*****
****c
Case #27:
c..
...
Case #28:
***
*..
..c
...
...
Case #29:
****
****
**..
...c
....
Case #30:
*
*
*
*
c
Case #31:
*.c..
Case #32:
**
**
**
..
c.
Case #33:
c...
....
Case #34:
*
*
c
Case #35:
***
***
...
c..
...
Case #36:
**.c.
.....
.....
.....
Case #37:
Impossible
Case #38:
Impossible
Case #39:
**.c.
*....
*....
Case #40:
****
****
****
**..
**.c
Case #41:
****
****
*...
*.c.
Case #42:
c.
..
..
Case #43:
****
****
*...
*.c.
*...
Case #44:
*****
*****
**...
*..c.
*....
Case #45:
Impossible
Case #46:
****
**..
...c
....
Case #47:
*
.
c
Case #48:
*.c.
....
....
....
Case #49:
*****
**...
**.c.
**...
Case #50:
Impossible
Case #51:
c.
..
Case #52:
*****
*****
***..
***.c
Case #53:
*****
*****
*****
*****
****c
Case #54:
*****
*****
*****
*....
*.c..
Case #55:
Impossible
Case #56:
Impossible
Case #57:
**.c
....
....
Case #58:
Impossible
Case #59:
Impossible
Case #60:
****
**..
**.c
Case #61:
****
****
****
****
***c
Case #62:
Impossible
Case #63:
Impossible
Case #64:
**.c.
.....
.....
Case #65:
**
**
..
c.
Case #66:
*
*
*
c
Case #67:
*****
*****
*....
..c..
.....
Case #68:
*****
***..
*...c
.....
.....
Case #69:
Impossible
Case #70:
*.c
...
...
...
Case #71:
Impossible
Case #72:
****
*...
..c.
....
Case #73:
Impossible
Case #74:
****
....
c...
....
....
Case #75:
*****
***..
....c
.....
.....
Case #76:
*.c.
*...
Case #77:
**
**
**
*c
Case #78:
Impossible
Case #79:
***
*..
*.c
Case #80:
****c
Case #81:
Impossible
Case #82:
**.c.
Case #83:
Impossible
Case #84:
*****
*****
.....
c....
Case #85:
Impossible
Case #86:
*****
.....
c....
.....
Case #87:
c...
....
....
....
Case #88:
****
****
*...
..c.
....
Case #89:
****
****
....
c...
....
Case #90:
Impossible
Case #91:
*.c..
.....
.....
.....
Case #92:
**c
Case #93:
*****
*****
***..
....c
.....
Case #94:
**
**
**
**
*c
Case #95:
*.c
*..
...
...
Case #96:
Impossible
Case #97:
*
*
.
c
Case #98:
****
****
***c
Case #99:
****
**..
...c
....
....
Case #100:
*****
*....
*.c..
Case #101:
***
**c
Case #102:
*****
.....
c....
Case #103:
*****
*****
**...
**.c.
Case #104:
c..
...
...
...
Case #105:
**
**
*c
Case #106:
c....
Case #107:
Impossible
Case #108:
*c
Case #109:
Impossible
Case #110:
Impossible
Case #111:
Impossible
Case #112:
c.
..
..
..
..
Case #113:
***.c
Case #114:
*****
*****
.....
c....
.....
Case #115:
Impossible
Case #116:
****
***c
Case #117:
*
*
.
c
.
Case #118:
*.c.
Case #119:
Impossible
Case #120:
***
...
c..
Case #121:
Impossible
Case #122:
*.c
*..
...
...
...
Case #123:
*.c.
....
....
Case #124:
**
..
c.
..
Case #125:
Impossible
Case #126:
*.c.
*...
*...
Case #127:
c...
....
....
....
....
Case #128:
Impossible
Case #129:
*.c
...
...
...
...
Case #130:
****
*...
*.c.
*...
Case #131:
Impossible
Case #132:
***.c
***..
Case #133:
****
****
****
....
c...
Case #134:
Impossible
Case #135:
c...
....
....
Case #136:
**.c
....
....
....
....
Case #137:
*.c
...
...
Case #138:
****
****
....
c...
Case #139:
**.c
Case #140:
Impossible
Case #141:
Impossible
Case #142:
**.c
....
....
....
Case #143:
*****
*****
*....
*.c..
Case #144:
Impossible
Case #145:
***
***
***
*..
*.c
Case #146:
*****
*****
*****
****c
Case #147:
**.c
*...
....
....
....
Case #148:
Impossible
Case #149:
***
...
c..
...
Case #150:
Impossible
Case #151:
**.c
**..
Case #152:
Impossible
Case #153:
Impossible
Case #154:
****
*...
..c.
....
....
Case #155:
Impossible
Case #156:
*.c..
.....
.....
.....
.....
Case #157:
Impossible
Case #158:
*.c..
*....
Case #159:
***
***
...
c..
Case #160:
Impossible
Case #161:
*****
*****
****c
Case #162:
c...
Case #163:
***
***
***
**c
Case #164:
Impossible
Case #165:
*.c..
.....
.....
Case #166:
*****
**...
**.c.
Case #167:
Impossible
Case #168:
***
*..
..c
...
Case #169:
**.c
*...
....
....
Case #170:
****
**..
*..c
....
....
Case #171:
***.c
*....
.....
.....
.....
Case #172:
Impossible
Case #173:
***
*..
*.c
...
...
Case #174:
***.c
.....
.....
Case #175:
*
.
c
.
.
Case #176:
c..
...
...
Case #177:
**
..
c.
Case #178:
c....
.....
.....
.....
.....
Case #179:
*
.
c
.
Case #180:
****
....
c...
....
Case #181:
*****
*....
..c..
.....
.....
Case #182:
Impossible
Case #183:
****
****
****
***c
Case #184:
*****
**...
...c.
.....
.....
Case #185:
****
****
**..
**.c
Case #186:
**.c.
.....
.....
.....
.....
Case #187:
*.c
*..
Case #188:
Impossible
Case #189:
Impossible
Case #190:
****
....
c...
Case #191:
c
.
.
.
.
Case #192:
***
***
***
***
**c
Case #193:
Impossible
Case #194:
c
.
Case #195:
Impossible
Case #196:
c
.
.
.
Case #197:
c....
.....
Case #198:
c
Case #199:
*.c
Case #200:
*****
.....
c....
.....
.....
Case #201:
*****
*****
*****
**...
**.c.
Case #202:
Impossible
Case #203:
Impossible
Case #204:
**
..
c.
..
..
Case #205:
*
*
*
.
c
Case #206:
*.c.
....
....
....
....
Case #207:
c
.
.
Case #208:
*****
*****
**...
**.c.
**...
Case #209:
**.c.
**...
Case #210:
Impossible
Case #211:
***c
Case #212:
Impossible
Case #213:
***
***
*..
..c
...
Case #214:
***.c
.....
.....
.....
Case #215:
*****
**...
*..c.
*....
Case #216:
***
***
*..
*.c
Case #217:
*****
***..
....c
.....
Case #218:
Impossible
Case #219:
*****
*****
**...
...c.
.....
Case #220:
*****
*****
*****
***..
***.c
Case #221:
Impossible
Case #222:
Impossible
Case #223:
c..
Case #224:
c.
Case #225:
Impossible